  ClientPOC.cpp
  Note: including file: C:\Users\nabih.benazzouz\Desktop\POC\ClientPOC\ClientPOC\network.h
  Note: including file:  C:\Users\nabih.benazzouz\Desktop\POC\ClientPOC\ClientPOC\utils.h
  Note: including file:   C:\Program Files (x86)\Windows Kits\10\Include\10.0.19041.0\shared\WinError.h
  Note: including file:    C:\Program Files (x86)\Windows Kits\10\Include\10.0.19041.0\shared\specstrings.h
  Note: including file:     C:\Program Files (x86)\Microsoft Visual Studio\2019\Community\VC\Tools\MSVC\14.27.29110\include\sal.h
  Note: including file:      C:\Program Files (x86)\Microsoft Visual Studio\2019\Community\VC\Tools\MSVC\14.27.29110\include\concurrencysal.h
  Note: including file:     C:\Program Files (x86)\Windows Kits\10\Include\10.0.19041.0\shared\specstrings_strict.h
  Note: including file:      C:\Program Files (x86)\Windows Kits\10\Include\10.0.19041.0\shared\specstrings_undef.h
  Note: including file:     C:\Program Files (x86)\Windows Kits\10\Include\10.0.19041.0\shared\driverspecs.h
  Note: including file:      C:\Program Files (x86)\Windows Kits\10\Include\10.0.19041.0\shared\sdv_driverspecs.h
  Note: including file:   C:\Program Files (x86)\Microsoft Visual Studio\2019\Community\VC\Tools\MSVC\14.27.29110\include\iostream
  Note: including file:    C:\Program Files (x86)\Microsoft Visual Studio\2019\Community\VC\Tools\MSVC\14.27.29110\include\yvals_core.h
  Note: including file:     C:\Program Files (x86)\Microsoft Visual Studio\2019\Community\VC\Tools\MSVC\14.27.29110\include\vcruntime.h
  Note: including file:      C:\Program Files (x86)\Microsoft Visual Studio\2019\Community\VC\Tools\MSVC\14.27.29110\include\vadefs.h
  Note: including file:     C:\Program Files (x86)\Microsoft Visual Studio\2019\Community\VC\Tools\MSVC\14.27.29110\include\xkeycheck.h
  Note: including file:    C:\Program Files (x86)\Microsoft Visual Studio\2019\Community\VC\Tools\MSVC\14.27.29110\include\istream
  Note: including file:     C:\Program Files (x86)\Microsoft Visual Studio\2019\Community\VC\Tools\MSVC\14.27.29110\include\ostream
  Note: including file:      C:\Program Files (x86)\Microsoft Visual Studio\2019\Community\VC\Tools\MSVC\14.27.29110\include\ios
  Note: including file:       C:\Program Files (x86)\Microsoft Visual Studio\2019\Community\VC\Tools\MSVC\14.27.29110\include\xlocnum
  Note: including file:        C:\Program Files (x86)\Microsoft Visual Studio\2019\Community\VC\Tools\MSVC\14.27.29110\include\climits
  Note: including file:         C:\Program Files (x86)\Microsoft Visual Studio\2019\Community\VC\Tools\MSVC\14.27.29110\include\limits.h
  Note: including file:        C:\Program Files (x86)\Microsoft Visual Studio\2019\Community\VC\Tools\MSVC\14.27.29110\include\cmath
  Note: including file:         C:\Program Files (x86)\Microsoft Visual Studio\2019\Community\VC\Tools\MSVC\14.27.29110\include\yvals.h
  Note: including file:          C:\Program Files (x86)\Windows Kits\10\Include\10.0.19041.0\ucrt\crtdbg.h
  Note: including file:           C:\Program Files (x86)\Windows Kits\10\Include\10.0.19041.0\ucrt\corecrt.h
  Note: including file:           C:\Program Files (x86)\Microsoft Visual Studio\2019\Community\VC\Tools\MSVC\14.27.29110\include\vcruntime_new_debug.h
  Note: including file:            C:\Program Files (x86)\Microsoft Visual Studio\2019\Community\VC\Tools\MSVC\14.27.29110\include\vcruntime_new.h
  Note: including file:          C:\Program Files (x86)\Microsoft Visual Studio\2019\Community\VC\Tools\MSVC\14.27.29110\include\crtdefs.h
  Note: including file:          C:\Program Files (x86)\Microsoft Visual Studio\2019\Community\VC\Tools\MSVC\14.27.29110\include\use_ansi.h
  Note: including file:         C:\Program Files (x86)\Microsoft Visual Studio\2019\Community\VC\Tools\MSVC\14.27.29110\include\cstdlib
  Note: including file:          C:\Program Files (x86)\Windows Kits\10\Include\10.0.19041.0\ucrt\math.h
  Note: including file:           C:\Program Files (x86)\Windows Kits\10\Include\10.0.19041.0\ucrt\corecrt_math.h
  Note: including file:          C:\Program Files (x86)\Windows Kits\10\Include\10.0.19041.0\ucrt\stdlib.h
  Note: including file:           C:\Program Files (x86)\Windows Kits\10\Include\10.0.19041.0\ucrt\corecrt_malloc.h
  Note: including file:           C:\Program Files (x86)\Windows Kits\10\Include\10.0.19041.0\ucrt\corecrt_search.h
  Note: including file:            C:\Program Files (x86)\Windows Kits\10\Include\10.0.19041.0\ucrt\stddef.h
  Note: including file:           C:\Program Files (x86)\Windows Kits\10\Include\10.0.19041.0\ucrt\corecrt_wstdlib.h
  Note: including file:         C:\Program Files (x86)\Microsoft Visual Studio\2019\Community\VC\Tools\MSVC\14.27.29110\include\xtr1common
  Note: including file:        C:\Program Files (x86)\Microsoft Visual Studio\2019\Community\VC\Tools\MSVC\14.27.29110\include\cstdio
  Note: including file:         C:\Program Files (x86)\Windows Kits\10\Include\10.0.19041.0\ucrt\stdio.h
  Note: including file:          C:\Program Files (x86)\Windows Kits\10\Include\10.0.19041.0\ucrt\corecrt_wstdio.h
  Note: including file:           C:\Program Files (x86)\Windows Kits\10\Include\10.0.19041.0\ucrt\corecrt_stdio_config.h
  Note: including file:        C:\Program Files (x86)\Microsoft Visual Studio\2019\Community\VC\Tools\MSVC\14.27.29110\include\iterator
  Note: including file:         C:\Program Files (x86)\Microsoft Visual Studio\2019\Community\VC\Tools\MSVC\14.27.29110\include\iosfwd
  Note: including file:          C:\Program Files (x86)\Microsoft Visual Studio\2019\Community\VC\Tools\MSVC\14.27.29110\include\cstring
  Note: including file:           C:\Program Files (x86)\Windows Kits\10\Include\10.0.19041.0\ucrt\string.h
  Note: including file:            C:\Program Files (x86)\Windows Kits\10\Include\10.0.19041.0\ucrt\corecrt_memory.h
  Note: including file:             C:\Program Files (x86)\Windows Kits\10\Include\10.0.19041.0\ucrt\corecrt_memcpy_s.h
  Note: including file:              C:\Program Files (x86)\Windows Kits\10\Include\10.0.19041.0\ucrt\errno.h
  Note: including file:              C:\Program Files (x86)\Microsoft Visual Studio\2019\Community\VC\Tools\MSVC\14.27.29110\include\vcruntime_string.h
  Note: including file:            C:\Program Files (x86)\Windows Kits\10\Include\10.0.19041.0\ucrt\corecrt_wstring.h
  Note: including file:          C:\Program Files (x86)\Microsoft Visual Studio\2019\Community\VC\Tools\MSVC\14.27.29110\include\cwchar
  Note: including file:           C:\Program Files (x86)\Windows Kits\10\Include\10.0.19041.0\ucrt\wchar.h
  Note: including file:            C:\Program Files (x86)\Windows Kits\10\Include\10.0.19041.0\ucrt\corecrt_wconio.h
  Note: including file:            C:\Program Files (x86)\Windows Kits\10\Include\10.0.19041.0\ucrt\corecrt_wctype.h
  Note: including file:            C:\Program Files (x86)\Windows Kits\10\Include\10.0.19041.0\ucrt\corecrt_wdirect.h
  Note: including file:            C:\Program Files (x86)\Windows Kits\10\Include\10.0.19041.0\ucrt\corecrt_wio.h
  Note: including file:             C:\Program Files (x86)\Windows Kits\10\Include\10.0.19041.0\ucrt\corecrt_share.h
  Note: including file:            C:\Program Files (x86)\Windows Kits\10\Include\10.0.19041.0\ucrt\corecrt_wprocess.h
  Note: including file:            C:\Program Files (x86)\Windows Kits\10\Include\10.0.19041.0\ucrt\corecrt_wtime.h
  Note: including file:            C:\Program Files (x86)\Windows Kits\10\Include\10.0.19041.0\ucrt\sys/stat.h
  Note: including file:             C:\Program Files (x86)\Windows Kits\10\Include\10.0.19041.0\ucrt\sys/types.h
  Note: including file:          C:\Program Files (x86)\Microsoft Visual Studio\2019\Community\VC\Tools\MSVC\14.27.29110\include\xstddef
  Note: including file:           C:\Program Files (x86)\Microsoft Visual Studio\2019\Community\VC\Tools\MSVC\14.27.29110\include\cstddef
  Note: including file:           C:\Program Files (x86)\Microsoft Visual Studio\2019\Community\VC\Tools\MSVC\14.27.29110\include\initializer_list
  Note: including file:         C:\Program Files (x86)\Microsoft Visual Studio\2019\Community\VC\Tools\MSVC\14.27.29110\include\xutility
  Note: including file:          C:\Program Files (x86)\Microsoft Visual Studio\2019\Community\VC\Tools\MSVC\14.27.29110\include\utility
  Note: including file:           C:\Program Files (x86)\Microsoft Visual Studio\2019\Community\VC\Tools\MSVC\14.27.29110\include\type_traits
  Note: including file:        C:\Program Files (x86)\Microsoft Visual Studio\2019\Community\VC\Tools\MSVC\14.27.29110\include\streambuf
  Note: including file:         C:\Program Files (x86)\Microsoft Visual Studio\2019\Community\VC\Tools\MSVC\14.27.29110\include\xiosbase
  Note: including file:          C:\Program Files (x86)\Windows Kits\10\Include\10.0.19041.0\ucrt\share.h
  Note: including file:          C:\Program Files (x86)\Microsoft Visual Studio\2019\Community\VC\Tools\MSVC\14.27.29110\include\system_error
  Note: including file:           C:\Program Files (x86)\Microsoft Visual Studio\2019\Community\VC\Tools\MSVC\14.27.29110\include\__msvc_system_error_abi.hpp
  Note: including file:           C:\Program Files (x86)\Microsoft Visual Studio\2019\Community\VC\Tools\MSVC\14.27.29110\include\cerrno
  Note: including file:           C:\Program Files (x86)\Microsoft Visual Studio\2019\Community\VC\Tools\MSVC\14.27.29110\include\stdexcept
  Note: including file:            C:\Program Files (x86)\Microsoft Visual Studio\2019\Community\VC\Tools\MSVC\14.27.29110\include\exception
  Note: including file:             C:\Program Files (x86)\Windows Kits\10\Include\10.0.19041.0\ucrt\malloc.h
  Note: including file:             C:\Program Files (x86)\Microsoft Visual Studio\2019\Community\VC\Tools\MSVC\14.27.29110\include\vcruntime_exception.h
  Note: including file:              C:\Program Files (x86)\Microsoft Visual Studio\2019\Community\VC\Tools\MSVC\14.27.29110\include\eh.h
  Note: including file:               C:\Program Files (x86)\Windows Kits\10\Include\10.0.19041.0\ucrt\corecrt_terminate.h
  Note: including file:            C:\Program Files (x86)\Microsoft Visual Studio\2019\Community\VC\Tools\MSVC\14.27.29110\include\xstring
  Note: including file:             C:\Program Files (x86)\Microsoft Visual Studio\2019\Community\VC\Tools\MSVC\14.27.29110\include\xmemory
  Note: including file:              C:\Program Files (x86)\Microsoft Visual Studio\2019\Community\VC\Tools\MSVC\14.27.29110\include\cstdint
  Note: including file:               C:\Program Files (x86)\Microsoft Visual Studio\2019\Community\VC\Tools\MSVC\14.27.29110\include\stdint.h
  Note: including file:              C:\Program Files (x86)\Microsoft Visual Studio\2019\Community\VC\Tools\MSVC\14.27.29110\include\limits
  Note: including file:               C:\Program Files (x86)\Microsoft Visual Studio\2019\Community\VC\Tools\MSVC\14.27.29110\include\cfloat
  Note: including file:                C:\Program Files (x86)\Windows Kits\10\Include\10.0.19041.0\ucrt\float.h
  Note: including file:              C:\Program Files (x86)\Microsoft Visual Studio\2019\Community\VC\Tools\MSVC\14.27.29110\include\new
  Note: including file:              C:\Program Files (x86)\Microsoft Visual Studio\2019\Community\VC\Tools\MSVC\14.27.29110\include\xatomic.h
  Note: including file:               C:\Program Files (x86)\Microsoft Visual Studio\2019\Community\VC\Tools\MSVC\14.27.29110\include\intrin0.h
  Note: including file:           C:\Program Files (x86)\Microsoft Visual Studio\2019\Community\VC\Tools\MSVC\14.27.29110\include\xcall_once.h
  Note: including file:           C:\Program Files (x86)\Microsoft Visual Studio\2019\Community\VC\Tools\MSVC\14.27.29110\include\xerrc.h
  Note: including file:           C:\Program Files (x86)\Microsoft Visual Studio\2019\Community\VC\Tools\MSVC\14.27.29110\include\atomic
  Note: including file:          C:\Program Files (x86)\Microsoft Visual Studio\2019\Community\VC\Tools\MSVC\14.27.29110\include\xlocale
  Note: including file:           C:\Program Files (x86)\Microsoft Visual Studio\2019\Community\VC\Tools\MSVC\14.27.29110\include\memory
  Note: including file:            C:\Program Files (x86)\Microsoft Visual Studio\2019\Community\VC\Tools\MSVC\14.27.29110\include\typeinfo
  Note: including file:             C:\Program Files (x86)\Microsoft Visual Studio\2019\Community\VC\Tools\MSVC\14.27.29110\include\vcruntime_typeinfo.h
  Note: including file:           C:\Program Files (x86)\Microsoft Visual Studio\2019\Community\VC\Tools\MSVC\14.27.29110\include\xfacet
  Note: including file:           C:\Program Files (x86)\Microsoft Visual Studio\2019\Community\VC\Tools\MSVC\14.27.29110\include\xlocinfo
  Note: including file:            C:\Program Files (x86)\Microsoft Visual Studio\2019\Community\VC\Tools\MSVC\14.27.29110\include\xlocinfo.h
  Note: including file:             C:\Program Files (x86)\Windows Kits\10\Include\10.0.19041.0\ucrt\ctype.h
  Note: including file:             C:\Program Files (x86)\Windows Kits\10\Include\10.0.19041.0\ucrt\locale.h
  Note: including file:  C:\Program Files (x86)\Windows Kits\10\Include\10.0.19041.0\um\winsock2.h
  Note: including file:   C:\Program Files (x86)\Windows Kits\10\Include\10.0.19041.0\shared\winapifamily.h
  Note: including file:    C:\Program Files (x86)\Windows Kits\10\Include\10.0.19041.0\shared\winpackagefamily.h
  Note: including file:   C:\Program Files (x86)\Windows Kits\10\Include\10.0.19041.0\um\windows.h
  Note: including file:    C:\Program Files (x86)\Windows Kits\10\Include\10.0.19041.0\shared\sdkddkver.h
  Note: including file:    C:\Program Files (x86)\Microsoft Visual Studio\2019\Community\VC\Tools\MSVC\14.27.29110\include\excpt.h
  Note: including file:    C:\Program Files (x86)\Microsoft Visual Studio\2019\Community\VC\Tools\MSVC\14.27.29110\include\stdarg.h
  Note: including file:    C:\Program Files (x86)\Windows Kits\10\Include\10.0.19041.0\shared\windef.h
  Note: including file:     C:\Program Files (x86)\Windows Kits\10\Include\10.0.19041.0\shared\minwindef.h
  Note: including file:      C:\Program Files (x86)\Windows Kits\10\Include\10.0.19041.0\um\winnt.h
  Note: including file:       C:\Program Files (x86)\Windows Kits\10\Include\10.0.19041.0\shared\kernelspecs.h
  Note: including file:       C:\Program Files (x86)\Windows Kits\10\Include\10.0.19041.0\shared\basetsd.h
  Note: including file:       C:\Program Files (x86)\Windows Kits\10\Include\10.0.19041.0\shared\guiddef.h
  Note: including file:       C:\Program Files (x86)\Windows Kits\10\Include\10.0.19041.0\shared\pshpack4.h
  Note: including file:       C:\Program Files (x86)\Windows Kits\10\Include\10.0.19041.0\shared\poppack.h
  Note: including file:       C:\Program Files (x86)\Windows Kits\10\Include\10.0.19041.0\shared\pshpack4.h
  Note: including file:       C:\Program Files (x86)\Windows Kits\10\Include\10.0.19041.0\shared\poppack.h
  Note: including file:       C:\Program Files (x86)\Windows Kits\10\Include\10.0.19041.0\shared\pshpack4.h
  Note: including file:       C:\Program Files (x86)\Windows Kits\10\Include\10.0.19041.0\shared\pshpack2.h
  Note: including file:       C:\Program Files (x86)\Windows Kits\10\Include\10.0.19041.0\shared\poppack.h
  Note: including file:       C:\Program Files (x86)\Windows Kits\10\Include\10.0.19041.0\shared\pshpack2.h
  Note: including file:       C:\Program Files (x86)\Windows Kits\10\Include\10.0.19041.0\shared\pshpack2.h
  Note: including file:       C:\Program Files (x86)\Windows Kits\10\Include\10.0.19041.0\shared\poppack.h
  Note: including file:       C:\Program Files (x86)\Windows Kits\10\Include\10.0.19041.0\shared\poppack.h
  Note: including file:       C:\Program Files (x86)\Windows Kits\10\Include\10.0.19041.0\shared\pshpack8.h
  Note: including file:       C:\Program Files (x86)\Windows Kits\10\Include\10.0.19041.0\shared\poppack.h
  Note: including file:       C:\Program Files (x86)\Windows Kits\10\Include\10.0.19041.0\shared\pshpack1.h
  Note: including file:       C:\Program Files (x86)\Windows Kits\10\Include\10.0.19041.0\shared\poppack.h
  Note: including file:       C:\Program Files (x86)\Windows Kits\10\Include\10.0.19041.0\shared\pshpack1.h
  Note: including file:       C:\Program Files (x86)\Windows Kits\10\Include\10.0.19041.0\shared\poppack.h
  Note: including file:       C:\Program Files (x86)\Windows Kits\10\Include\10.0.19041.0\shared\poppack.h
  Note: including file:       C:\Program Files (x86)\Windows Kits\10\Include\10.0.19041.0\shared\apiset.h
  Note: including file:       C:\Program Files (x86)\Windows Kits\10\Include\10.0.19041.0\shared\ktmtypes.h
  Note: including file:    C:\Program Files (x86)\Windows Kits\10\Include\10.0.19041.0\um\winbase.h
  Note: including file:     C:\Program Files (x86)\Windows Kits\10\Include\10.0.19041.0\shared\apisetcconv.h
  Note: including file:     C:\Program Files (x86)\Windows Kits\10\Include\10.0.19041.0\um\minwinbase.h
  Note: including file:     C:\Program Files (x86)\Windows Kits\10\Include\10.0.19041.0\um\apiquery2.h
  Note: including file:     C:\Program Files (x86)\Windows Kits\10\Include\10.0.19041.0\um\processenv.h
  Note: including file:     C:\Program Files (x86)\Windows Kits\10\Include\10.0.19041.0\um\fileapifromapp.h
  Note: including file:      C:\Program Files (x86)\Windows Kits\10\Include\10.0.19041.0\um\fileapi.h
  Note: including file:     C:\Program Files (x86)\Windows Kits\10\Include\10.0.19041.0\um\debugapi.h
  Note: including file:     C:\Program Files (x86)\Windows Kits\10\Include\10.0.19041.0\um\utilapiset.h
  Note: including file:     C:\Program Files (x86)\Windows Kits\10\Include\10.0.19041.0\um\handleapi.h
  Note: including file:     C:\Program Files (x86)\Windows Kits\10\Include\10.0.19041.0\um\errhandlingapi.h
  Note: including file:     C:\Program Files (x86)\Windows Kits\10\Include\10.0.19041.0\um\fibersapi.h
  Note: including file:     C:\Program Files (x86)\Windows Kits\10\Include\10.0.19041.0\um\namedpipeapi.h
  Note: including file:     C:\Program Files (x86)\Windows Kits\10\Include\10.0.19041.0\um\profileapi.h
  Note: including file:     C:\Program Files (x86)\Windows Kits\10\Include\10.0.19041.0\um\heapapi.h
  Note: including file:     C:\Program Files (x86)\Windows Kits\10\Include\10.0.19041.0\um\ioapiset.h
  Note: including file:     C:\Program Files (x86)\Windows Kits\10\Include\10.0.19041.0\um\synchapi.h
  Note: including file:     C:\Program Files (x86)\Windows Kits\10\Include\10.0.19041.0\um\interlockedapi.h
  Note: including file:     C:\Program Files (x86)\Windows Kits\10\Include\10.0.19041.0\um\processthreadsapi.h
  Note: including file:     C:\Program Files (x86)\Windows Kits\10\Include\10.0.19041.0\um\sysinfoapi.h
  Note: including file:     C:\Program Files (x86)\Windows Kits\10\Include\10.0.19041.0\um\memoryapi.h
  Note: including file:     C:\Program Files (x86)\Windows Kits\10\Include\10.0.19041.0\um\enclaveapi.h
  Note: including file:     C:\Program Files (x86)\Windows Kits\10\Include\10.0.19041.0\um\threadpoollegacyapiset.h
  Note: including file:     C:\Program Files (x86)\Windows Kits\10\Include\10.0.19041.0\um\threadpoolapiset.h
  Note: including file:     C:\Program Files (x86)\Windows Kits\10\Include\10.0.19041.0\um\jobapi.h
  Note: including file:     C:\Program Files (x86)\Windows Kits\10\Include\10.0.19041.0\um\jobapi2.h
  Note: including file:     C:\Program Files (x86)\Windows Kits\10\Include\10.0.19041.0\um\wow64apiset.h
  Note: including file:     C:\Program Files (x86)\Windows Kits\10\Include\10.0.19041.0\um\libloaderapi.h
  Note: including file:     C:\Program Files (x86)\Windows Kits\10\Include\10.0.19041.0\um\securitybaseapi.h
  Note: including file:     C:\Program Files (x86)\Windows Kits\10\Include\10.0.19041.0\um\namespaceapi.h
  Note: including file:     C:\Program Files (x86)\Windows Kits\10\Include\10.0.19041.0\um\systemtopologyapi.h
  Note: including file:     C:\Program Files (x86)\Windows Kits\10\Include\10.0.19041.0\um\processtopologyapi.h
  Note: including file:     C:\Program Files (x86)\Windows Kits\10\Include\10.0.19041.0\um\securityappcontainer.h
  Note: including file:     C:\Program Files (x86)\Windows Kits\10\Include\10.0.19041.0\um\realtimeapiset.h
  Note: including file:     C:\Program Files (x86)\Windows Kits\10\Include\10.0.19041.0\um\timezoneapi.h
  Note: including file:    C:\Program Files (x86)\Windows Kits\10\Include\10.0.19041.0\um\wingdi.h
  Note: including file:     C:\Program Files (x86)\Windows Kits\10\Include\10.0.19041.0\shared\pshpack1.h
  Note: including file:     C:\Program Files (x86)\Windows Kits\10\Include\10.0.19041.0\shared\poppack.h
  Note: including file:     C:\Program Files (x86)\Windows Kits\10\Include\10.0.19041.0\shared\pshpack2.h
  Note: including file:     C:\Program Files (x86)\Windows Kits\10\Include\10.0.19041.0\shared\poppack.h
  Note: including file:     C:\Program Files (x86)\Windows Kits\10\Include\10.0.19041.0\shared\pshpack2.h
  Note: including file:     C:\Program Files (x86)\Windows Kits\10\Include\10.0.19041.0\shared\poppack.h
  Note: including file:     C:\Program Files (x86)\Windows Kits\10\Include\10.0.19041.0\shared\pshpack4.h
  Note: including file:     C:\Program Files (x86)\Windows Kits\10\Include\10.0.19041.0\shared\poppack.h
  Note: including file:     C:\Program Files (x86)\Windows Kits\10\Include\10.0.19041.0\shared\pshpack4.h
  Note: including file:     C:\Program Files (x86)\Windows Kits\10\Include\10.0.19041.0\shared\poppack.h
  Note: including file:    C:\Program Files (x86)\Windows Kits\10\Include\10.0.19041.0\um\winuser.h
  Note: including file:     C:\Program Files (x86)\Windows Kits\10\Include\10.0.19041.0\shared\pshpack2.h
  Note: including file:     C:\Program Files (x86)\Windows Kits\10\Include\10.0.19041.0\shared\poppack.h
  Note: including file:     C:\Program Files (x86)\Windows Kits\10\Include\10.0.19041.0\shared\tvout.h
  Note: including file:    C:\Program Files (x86)\Windows Kits\10\Include\10.0.19041.0\um\winnls.h
  Note: including file:     C:\Program Files (x86)\Windows Kits\10\Include\10.0.19041.0\um\datetimeapi.h
  Note: including file:     C:\Program Files (x86)\Windows Kits\10\Include\10.0.19041.0\um\stringapiset.h
  Note: including file:      C:\Program Files (x86)\Windows Kits\10\Include\10.0.19041.0\um\winnls.h
  Note: including file:    C:\Program Files (x86)\Windows Kits\10\Include\10.0.19041.0\um\wincon.h
  Note: including file:     C:\Program Files (x86)\Windows Kits\10\Include\10.0.19041.0\um\wincontypes.h
  Note: including file:     C:\Program Files (x86)\Windows Kits\10\Include\10.0.19041.0\um\consoleapi.h
  Note: including file:     C:\Program Files (x86)\Windows Kits\10\Include\10.0.19041.0\um\consoleapi2.h
  Note: including file:     C:\Program Files (x86)\Windows Kits\10\Include\10.0.19041.0\um\consoleapi3.h
  Note: including file:    C:\Program Files (x86)\Windows Kits\10\Include\10.0.19041.0\um\winver.h
  Note: including file:     C:\Program Files (x86)\Windows Kits\10\Include\10.0.19041.0\um\verrsrc.h
  Note: including file:    C:\Program Files (x86)\Windows Kits\10\Include\10.0.19041.0\um\winreg.h
  Note: including file:     C:\Program Files (x86)\Windows Kits\10\Include\10.0.19041.0\um\reason.h
  Note: including file:    C:\Program Files (x86)\Windows Kits\10\Include\10.0.19041.0\um\winnetwk.h
  Note: including file:     C:\Program Files (x86)\Windows Kits\10\Include\10.0.19041.0\shared\wnnc.h
  Note: including file:    C:\Program Files (x86)\Windows Kits\10\Include\10.0.19041.0\shared\cderr.h
  Note: including file:    C:\Program Files (x86)\Windows Kits\10\Include\10.0.19041.0\um\dde.h
  Note: including file:    C:\Program Files (x86)\Windows Kits\10\Include\10.0.19041.0\um\ddeml.h
  Note: including file:    C:\Program Files (x86)\Windows Kits\10\Include\10.0.19041.0\um\dlgs.h
  Note: including file:    C:\Program Files (x86)\Windows Kits\10\Include\10.0.19041.0\um\lzexpand.h
  Note: including file:    C:\Program Files (x86)\Windows Kits\10\Include\10.0.19041.0\um\mmsystem.h
  Note: including file:     C:\Program Files (x86)\Windows Kits\10\Include\10.0.19041.0\um\mmsyscom.h
  Note: including file:      C:\Program Files (x86)\Windows Kits\10\Include\10.0.19041.0\shared\pshpack1.h
  Note: including file:      C:\Program Files (x86)\Windows Kits\10\Include\10.0.19041.0\shared\poppack.h
  Note: including file:     C:\Program Files (x86)\Windows Kits\10\Include\10.0.19041.0\shared\pshpack1.h
  Note: including file:     C:\Program Files (x86)\Windows Kits\10\Include\10.0.19041.0\um\mciapi.h
  Note: including file:      C:\Program Files (x86)\Windows Kits\10\Include\10.0.19041.0\um\mmsyscom.h
  Note: including file:     C:\Program Files (x86)\Windows Kits\10\Include\10.0.19041.0\um\mmiscapi.h
  Note: including file:      C:\Program Files (x86)\Windows Kits\10\Include\10.0.19041.0\um\mmsyscom.h
  Note: including file:     C:\Program Files (x86)\Windows Kits\10\Include\10.0.19041.0\um\mmiscapi2.h
  Note: including file:      C:\Program Files (x86)\Windows Kits\10\Include\10.0.19041.0\um\mmsyscom.h
  Note: including file:     C:\Program Files (x86)\Windows Kits\10\Include\10.0.19041.0\um\playsoundapi.h
  Note: including file:      C:\Program Files (x86)\Windows Kits\10\Include\10.0.19041.0\um\mmsyscom.h
  Note: including file:     C:\Program Files (x86)\Windows Kits\10\Include\10.0.19041.0\um\mmeapi.h
  Note: including file:      C:\Program Files (x86)\Windows Kits\10\Include\10.0.19041.0\um\mmsyscom.h
  Note: including file:     C:\Program Files (x86)\Windows Kits\10\Include\10.0.19041.0\um\timeapi.h
  Note: including file:      C:\Program Files (x86)\Windows Kits\10\Include\10.0.19041.0\um\mmsyscom.h
  Note: including file:     C:\Program Files (x86)\Windows Kits\10\Include\10.0.19041.0\um\joystickapi.h
  Note: including file:      C:\Program Files (x86)\Windows Kits\10\Include\10.0.19041.0\um\mmsyscom.h
  Note: including file:     C:\Program Files (x86)\Windows Kits\10\Include\10.0.19041.0\shared\poppack.h
  Note: including file:    C:\Program Files (x86)\Windows Kits\10\Include\10.0.19041.0\um\nb30.h
  Note: including file:    C:\Program Files (x86)\Windows Kits\10\Include\10.0.19041.0\shared\rpc.h
  Note: including file:     C:\Program Files (x86)\Windows Kits\10\Include\10.0.19041.0\shared\pshpack8.h
  Note: including file:     C:\Program Files (x86)\Windows Kits\10\Include\10.0.19041.0\shared\rpcdce.h
  Note: including file:      C:\Program Files (x86)\Windows Kits\10\Include\10.0.19041.0\shared\rpcdcep.h
  Note: including file:     C:\Program Files (x86)\Windows Kits\10\Include\10.0.19041.0\um\rpcnsi.h
  Note: including file:     C:\Program Files (x86)\Windows Kits\10\Include\10.0.19041.0\shared\rpcnterr.h
  Note: including file:     C:\Program Files (x86)\Windows Kits\10\Include\10.0.19041.0\shared\rpcasync.h
  Note: including file:      C:\Program Files (x86)\Windows Kits\10\Include\10.0.19041.0\shared\pshpack8.h
  Note: including file:      C:\Program Files (x86)\Windows Kits\10\Include\10.0.19041.0\shared\poppack.h
  Note: including file:     C:\Program Files (x86)\Windows Kits\10\Include\10.0.19041.0\shared\poppack.h
  Note: including file:    C:\Program Files (x86)\Windows Kits\10\Include\10.0.19041.0\um\shellapi.h
  Note: including file:    C:\Program Files (x86)\Windows Kits\10\Include\10.0.19041.0\um\winperf.h
  Note: including file:     C:\Program Files (x86)\Windows Kits\10\Include\10.0.19041.0\shared\pshpack8.h
  Note: including file:     C:\Program Files (x86)\Windows Kits\10\Include\10.0.19041.0\shared\poppack.h
  Note: including file:    C:\Program Files (x86)\Windows Kits\10\Include\10.0.19041.0\um\winsock.h
  Note: including file:    C:\Program Files (x86)\Windows Kits\10\Include\10.0.19041.0\um\wincrypt.h
  Note: including file:     C:\Program Files (x86)\Windows Kits\10\Include\10.0.19041.0\shared\bcrypt.h
  Note: including file:     C:\Program Files (x86)\Windows Kits\10\Include\10.0.19041.0\um\ncrypt.h
  Note: including file:     C:\Program Files (x86)\Windows Kits\10\Include\10.0.19041.0\um\dpapi.h
  Note: including file:    C:\Program Files (x86)\Windows Kits\10\Include\10.0.19041.0\um\winefs.h
  Note: including file:    C:\Program Files (x86)\Windows Kits\10\Include\10.0.19041.0\um\winscard.h
  Note: including file:     C:\Program Files (x86)\Windows Kits\10\Include\10.0.19041.0\shared\wtypes.h
  Note: including file:      C:\Program Files (x86)\Windows Kits\10\Include\10.0.19041.0\shared\rpcndr.h
  Note: including file:       C:\Program Files (x86)\Windows Kits\10\Include\10.0.19041.0\shared\pshpack8.h
  Note: including file:       C:\Program Files (x86)\Windows Kits\10\Include\10.0.19041.0\um\rpcnsip.h
  Note: including file:       C:\Program Files (x86)\Windows Kits\10\Include\10.0.19041.0\shared\rpcsal.h
  Note: including file:       C:\Program Files (x86)\Windows Kits\10\Include\10.0.19041.0\shared\poppack.h
  Note: including file:      C:\Program Files (x86)\Windows Kits\10\Include\10.0.19041.0\shared\wtypesbase.h
  Note: including file:       C:\Program Files (x86)\Windows Kits\10\Include\10.0.19041.0\shared\guiddef.h
  Note: including file:     C:\Program Files (x86)\Windows Kits\10\Include\10.0.19041.0\um\winioctl.h
  Note: including file:      C:\Program Files (x86)\Windows Kits\10\Include\10.0.19041.0\shared\pshpack1.h
  Note: including file:      C:\Program Files (x86)\Windows Kits\10\Include\10.0.19041.0\shared\poppack.h
  Note: including file:      C:\Program Files (x86)\Windows Kits\10\Include\10.0.19041.0\shared\pshpack1.h
  Note: including file:      C:\Program Files (x86)\Windows Kits\10\Include\10.0.19041.0\shared\poppack.h
  Note: including file:      C:\Program Files (x86)\Windows Kits\10\Include\10.0.19041.0\shared\pshpack1.h
  Note: including file:      C:\Program Files (x86)\Windows Kits\10\Include\10.0.19041.0\shared\poppack.h
  Note: including file:      C:\Program Files (x86)\Windows Kits\10\Include\10.0.19041.0\shared\pshpack1.h
  Note: including file:      C:\Program Files (x86)\Windows Kits\10\Include\10.0.19041.0\shared\poppack.h
  Note: including file:      C:\Program Files (x86)\Windows Kits\10\Include\10.0.19041.0\shared\pshpack1.h
  Note: including file:      C:\Program Files (x86)\Windows Kits\10\Include\10.0.19041.0\shared\poppack.h
  Note: including file:      C:\Program Files (x86)\Windows Kits\10\Include\10.0.19041.0\shared\pshpack1.h
  Note: including file:      C:\Program Files (x86)\Windows Kits\10\Include\10.0.19041.0\shared\poppack.h
  Note: including file:      C:\Program Files (x86)\Windows Kits\10\Include\10.0.19041.0\shared\pshpack1.h
  Note: including file:      C:\Program Files (x86)\Windows Kits\10\Include\10.0.19041.0\shared\poppack.h
  Note: including file:     C:\Program Files (x86)\Windows Kits\10\Include\10.0.19041.0\shared\winsmcrd.h
  Note: including file:    C:\Program Files (x86)\Windows Kits\10\Include\10.0.19041.0\um\winspool.h
  Note: including file:     C:\Program Files (x86)\Windows Kits\10\Include\10.0.19041.0\um\prsht.h
  Note: including file:      C:\Program Files (x86)\Windows Kits\10\Include\10.0.19041.0\shared\pshpack8.h
  Note: including file:      C:\Program Files (x86)\Windows Kits\10\Include\10.0.19041.0\shared\poppack.h
  Note: including file:    C:\Program Files (x86)\Windows Kits\10\Include\10.0.19041.0\um\ole2.h
  Note: including file:     C:\Program Files (x86)\Windows Kits\10\Include\10.0.19041.0\shared\pshpack8.h
  Note: including file:     C:\Program Files (x86)\Windows Kits\10\Include\10.0.19041.0\um\objbase.h
  Note: including file:      C:\Program Files (x86)\Windows Kits\10\Include\10.0.19041.0\shared\pshpack8.h
  Note: including file:      C:\Program Files (x86)\Windows Kits\10\Include\10.0.19041.0\um\combaseapi.h
  Note: including file:       C:\Program Files (x86)\Windows Kits\10\Include\10.0.19041.0\shared\pshpack8.h
  Note: including file:       C:\Program Files (x86)\Windows Kits\10\Include\10.0.19041.0\um\unknwnbase.h
  Note: including file:       C:\Program Files (x86)\Windows Kits\10\Include\10.0.19041.0\um\objidlbase.h
  Note: including file:       C:\Program Files (x86)\Windows Kits\10\Include\10.0.19041.0\shared\guiddef.h
  Note: including file:       C:\Program Files (x86)\Windows Kits\10\Include\10.0.19041.0\um\cguid.h
  Note: including file:       C:\Program Files (x86)\Windows Kits\10\Include\10.0.19041.0\shared\poppack.h
  Note: including file:      C:\Program Files (x86)\Windows Kits\10\Include\10.0.19041.0\um\coml2api.h
  Note: including file:       C:\Program Files (x86)\Windows Kits\10\Include\10.0.19041.0\um\objidl.h
  Note: including file:        C:\Program Files (x86)\Windows Kits\10\Include\10.0.19041.0\um\unknwn.h
  Note: including file:       C:\Program Files (x86)\Windows Kits\10\Include\10.0.19041.0\um\propidlbase.h
  Note: including file:        C:\Program Files (x86)\Windows Kits\10\Include\10.0.19041.0\um\oaidl.h
  Note: including file:      C:\Program Files (x86)\Windows Kits\10\Include\10.0.19041.0\um\urlmon.h
  Note: including file:       C:\Program Files (x86)\Windows Kits\10\Include\10.0.19041.0\um\oleidl.h
  Note: including file:       C:\Program Files (x86)\Windows Kits\10\Include\10.0.19041.0\um\servprov.h
  Note: including file:       C:\Program Files (x86)\Windows Kits\10\Include\10.0.19041.0\um\msxml.h
  Note: including file:      C:\Program Files (x86)\Windows Kits\10\Include\10.0.19041.0\um\propidl.h
  Note: including file:      C:\Program Files (x86)\Windows Kits\10\Include\10.0.19041.0\shared\poppack.h
  Note: including file:     C:\Program Files (x86)\Windows Kits\10\Include\10.0.19041.0\um\oleauto.h
  Note: including file:      C:\Program Files (x86)\Windows Kits\10\Include\10.0.19041.0\shared\pshpack8.h
  Note: including file:      C:\Program Files (x86)\Windows Kits\10\Include\10.0.19041.0\shared\poppack.h
  Note: including file:     C:\Program Files (x86)\Windows Kits\10\Include\10.0.19041.0\shared\poppack.h
  Note: including file:    C:\Program Files (x86)\Windows Kits\10\Include\10.0.19041.0\um\commdlg.h
  Note: including file:     C:\Program Files (x86)\Windows Kits\10\Include\10.0.19041.0\um\prsht.h
  Note: including file:    C:\Program Files (x86)\Windows Kits\10\Include\10.0.19041.0\shared\stralign.h
  Note: including file:    C:\Program Files (x86)\Windows Kits\10\Include\10.0.19041.0\um\winsvc.h
  Note: including file:    C:\Program Files (x86)\Windows Kits\10\Include\10.0.19041.0\um\mcx.h
  Note: including file:    C:\Program Files (x86)\Windows Kits\10\Include\10.0.19041.0\um\imm.h
  Note: including file:     C:\Program Files (x86)\Windows Kits\10\Include\10.0.19041.0\um\ime_cmodes.h
  Note: including file:   C:\Program Files (x86)\Windows Kits\10\Include\10.0.19041.0\shared\ws2def.h
  Note: including file:    C:\Program Files (x86)\Windows Kits\10\Include\10.0.19041.0\shared\inaddr.h
  Note: including file:   C:\Program Files (x86)\Windows Kits\10\Include\10.0.19041.0\shared\qos.h
  Note: including file:  C:\Program Files (x86)\Windows Kits\10\Include\10.0.19041.0\um\ws2tcpip.h
  Note: including file:   C:\Program Files (x86)\Windows Kits\10\Include\10.0.19041.0\shared\ws2ipdef.h
  Note: including file:    C:\Program Files (x86)\Windows Kits\10\Include\10.0.19041.0\shared\in6addr.h
  Note: including file: C:\Users\nabih.benazzouz\Desktop\POC\ClientPOC\ClientPOC\register.h
  ClientPOC.vcxproj -> C:\Users\nabih.benazzouz\Desktop\POC\ClientPOC\x64\Debug\ClientPOC.exe
